No files changed, compilation skipped

Ran 9 tests for test/invariant/EASInvariants.t.sol:EASInvariants
[PASS] invariant_A1_A2_A3_attestations_match_creation_snapshot() (runs: 64, calls: 8192, reverts: 5)

╭------------+-------------------------+-------+---------+----------╮
| Contract   | Selector                | Calls | Reverts | Discards |
+===================================================================+
| EASHandler | attest                  | 736   | 0       | 0        |
|------------+-------------------------+-------+---------+----------|
| EASHandler | multiAttest             | 814   | 5       | 0        |
|------------+-------------------------+-------+---------+----------|
| EASHandler | registerDuplicateSchema | 725   | 0       | 0        |
|------------+-------------------------+-------+---------+----------|
| EASHandler | registerSchema          | 753   | 0       | 0        |
|------------+-------------------------+-------+---------+----------|
| EASHandler | revoke                  | 727   | 0       | 0        |
|------------+-------------------------+-------+---------+----------|
| EASHandler | revokeAsStranger        | 733   | 0       | 0        |
|------------+-------------------------+-------+---------+----------|
| EASHandler | revokeOffchain          | 1428  | 0       | 0        |
|------------+-------------------------+-------+---------+----------|
| EASHandler | revokeWrongSchema       | 766   | 0       | 0        |
|------------+-------------------------+-------+---------+----------|
| EASHandler | timestampData           | 730   | 0       | 0        |
|------------+-------------------------+-------+---------+----------|
| EASHandler | warp                    | 780   | 0       | 0        |
╰------------+-------------------------+-------+---------+----------╯

[PASS] invariant_A4_schema_always_registered() (runs: 64, calls: 8192, reverts: 5)

╭------------+-------------------------+-------+---------+----------╮
| Contract   | Selector                | Calls | Reverts | Discards |
+===================================================================+
| EASHandler | attest                  | 736   | 0       | 0        |
|------------+-------------------------+-------+---------+----------|
| EASHandler | multiAttest             | 814   | 5       | 0        |
|------------+-------------------------+-------+---------+----------|
| EASHandler | registerDuplicateSchema | 725   | 0       | 0        |
|------------+-------------------------+-------+---------+----------|
| EASHandler | registerSchema          | 753   | 0       | 0        |
|------------+-------------------------+-------+---------+----------|
| EASHandler | revoke                  | 727   | 0       | 0        |
|------------+-------------------------+-------+---------+----------|
| EASHandler | revokeAsStranger        | 733   | 0       | 0        |
|------------+-------------------------+-------+---------+----------|
| EASHandler | revokeOffchain          | 1428  | 0       | 0        |
|------------+-------------------------+-------+---------+----------|
| EASHandler | revokeWrongSchema       | 766   | 0       | 0        |
|------------+-------------------------+-------+---------+----------|
| EASHandler | timestampData           | 730   | 0       | 0        |
|------------+-------------------------+-------+---------+----------|
| EASHandler | warp                    | 780   | 0       | 0        |
╰------------+-------------------------+-------+---------+----------╯

[PASS] invariant_A5_references_resolve() (runs: 64, calls: 8192, reverts: 5)

╭------------+-------------------------+-------+---------+----------╮
| Contract   | Selector                | Calls | Reverts | Discards |
+===================================================================+
| EASHandler | attest                  | 736   | 0       | 0        |
|------------+-------------------------+-------+---------+----------|
| EASHandler | multiAttest             | 814   | 5       | 0        |
|------------+-------------------------+-------+---------+----------|
| EASHandler | registerDuplicateSchema | 725   | 0       | 0        |
|------------+-------------------------+-------+---------+----------|
| EASHandler | registerSchema          | 753   | 0       | 0        |
|------------+-------------------------+-------+---------+----------|
| EASHandler | revoke                  | 727   | 0       | 0        |
|------------+-------------------------+-------+---------+----------|
| EASHandler | revokeAsStranger        | 733   | 0       | 0        |
|------------+-------------------------+-------+---------+----------|
| EASHandler | revokeOffchain          | 1428  | 0       | 0        |
|------------+-------------------------+-------+---------+----------|
| EASHandler | revokeWrongSchema       | 766   | 0       | 0        |
|------------+-------------------------+-------+---------+----------|
| EASHandler | timestampData           | 730   | 0       | 0        |
|------------+-------------------------+-------+---------+----------|
| EASHandler | warp                    | 780   | 0       | 0        |
╰------------+-------------------------+-------+---------+----------╯

[PASS] invariant_A6_time_sanity() (runs: 64, calls: 8192, reverts: 5)

╭------------+-------------------------+-------+---------+----------╮
| Contract   | Selector                | Calls | Reverts | Discards |
+===================================================================+
| EASHandler | attest                  | 736   | 0       | 0        |
|------------+-------------------------+-------+---------+----------|
| EASHandler | multiAttest             | 814   | 5       | 0        |
|------------+-------------------------+-------+---------+----------|
| EASHandler | registerDuplicateSchema | 725   | 0       | 0        |
|------------+-------------------------+-------+---------+----------|
| EASHandler | registerSchema          | 753   | 0       | 0        |
|------------+-------------------------+-------+---------+----------|
| EASHandler | revoke                  | 727   | 0       | 0        |
|------------+-------------------------+-------+---------+----------|
| EASHandler | revokeAsStranger        | 733   | 0       | 0        |
|------------+-------------------------+-------+---------+----------|
| EASHandler | revokeOffchain          | 1428  | 0       | 0        |
|------------+-------------------------+-------+---------+----------|
| EASHandler | revokeWrongSchema       | 766   | 0       | 0        |
|------------+-------------------------+-------+---------+----------|
| EASHandler | timestampData           | 730   | 0       | 0        |
|------------+-------------------------+-------+---------+----------|
| EASHandler | warp                    | 780   | 0       | 0        |
╰------------+-------------------------+-------+---------+----------╯

[PASS] invariant_R_revocation_matches_ghost() (runs: 64, calls: 8192, reverts: 5)

╭------------+-------------------------+-------+---------+----------╮
| Contract   | Selector                | Calls | Reverts | Discards |
+===================================================================+
| EASHandler | attest                  | 736   | 0       | 0        |
|------------+-------------------------+-------+---------+----------|
| EASHandler | multiAttest             | 814   | 5       | 0        |
|------------+-------------------------+-------+---------+----------|
| EASHandler | registerDuplicateSchema | 725   | 0       | 0        |
|------------+-------------------------+-------+---------+----------|
| EASHandler | registerSchema          | 753   | 0       | 0        |
|------------+-------------------------+-------+---------+----------|
| EASHandler | revoke                  | 727   | 0       | 0        |
|------------+-------------------------+-------+---------+----------|
| EASHandler | revokeAsStranger        | 733   | 0       | 0        |
|------------+-------------------------+-------+---------+----------|
| EASHandler | revokeOffchain          | 1428  | 0       | 0        |
|------------+-------------------------+-------+---------+----------|
| EASHandler | revokeWrongSchema       | 766   | 0       | 0        |
|------------+-------------------------+-------+---------+----------|
| EASHandler | timestampData           | 730   | 0       | 0        |
|------------+-------------------------+-------+---------+----------|
| EASHandler | warp                    | 780   | 0       | 0        |
╰------------+-------------------------+-------+---------+----------╯

[PASS] invariant_S2_schemas_immutable() (runs: 64, calls: 8192, reverts: 5)

╭------------+-------------------------+-------+---------+----------╮
| Contract   | Selector                | Calls | Reverts | Discards |
+===================================================================+
| EASHandler | attest                  | 736   | 0       | 0        |
|------------+-------------------------+-------+---------+----------|
| EASHandler | multiAttest             | 814   | 5       | 0        |
|------------+-------------------------+-------+---------+----------|
| EASHandler | registerDuplicateSchema | 725   | 0       | 0        |
|------------+-------------------------+-------+---------+----------|
| EASHandler | registerSchema          | 753   | 0       | 0        |
|------------+-------------------------+-------+---------+----------|
| EASHandler | revoke                  | 727   | 0       | 0        |
|------------+-------------------------+-------+---------+----------|
| EASHandler | revokeAsStranger        | 733   | 0       | 0        |
|------------+-------------------------+-------+---------+----------|
| EASHandler | revokeOffchain          | 1428  | 0       | 0        |
|------------+-------------------------+-------+---------+----------|
| EASHandler | revokeWrongSchema       | 766   | 0       | 0        |
|------------+-------------------------+-------+---------+----------|
| EASHandler | timestampData           | 730   | 0       | 0        |
|------------+-------------------------+-------+---------+----------|
| EASHandler | warp                    | 780   | 0       | 0        |
╰------------+-------------------------+-------+---------+----------╯

[PASS] invariant_T_timestamps_match_ghost() (runs: 64, calls: 8192, reverts: 5)

╭------------+-------------------------+-------+---------+----------╮
| Contract   | Selector                | Calls | Reverts | Discards |
+===================================================================+
| EASHandler | attest                  | 736   | 0       | 0        |
|------------+-------------------------+-------+---------+----------|
| EASHandler | multiAttest             | 814   | 5       | 0        |
|------------+-------------------------+-------+---------+----------|
| EASHandler | registerDuplicateSchema | 725   | 0       | 0        |
|------------+-------------------------+-------+---------+----------|
| EASHandler | registerSchema          | 753   | 0       | 0        |
|------------+-------------------------+-------+---------+----------|
| EASHandler | revoke                  | 727   | 0       | 0        |
|------------+-------------------------+-------+---------+----------|
| EASHandler | revokeAsStranger        | 733   | 0       | 0        |
|------------+-------------------------+-------+---------+----------|
| EASHandler | revokeOffchain          | 1428  | 0       | 0        |
|------------+-------------------------+-------+---------+----------|
| EASHandler | revokeWrongSchema       | 766   | 0       | 0        |
|------------+-------------------------+-------+---------+----------|
| EASHandler | timestampData           | 730   | 0       | 0        |
|------------+-------------------------+-------+---------+----------|
| EASHandler | warp                    | 780   | 0       | 0        |
╰------------+-------------------------+-------+---------+----------╯

[PASS] invariant_V1_eas_holds_no_ether() (runs: 64, calls: 8192, reverts: 5)

╭------------+-------------------------+-------+---------+----------╮
| Contract   | Selector                | Calls | Reverts | Discards |
+===================================================================+
| EASHandler | attest                  | 736   | 0       | 0        |
|------------+-------------------------+-------+---------+----------|
| EASHandler | multiAttest             | 814   | 5       | 0        |
|------------+-------------------------+-------+---------+----------|
| EASHandler | registerDuplicateSchema | 725   | 0       | 0        |
|------------+-------------------------+-------+---------+----------|
| EASHandler | registerSchema          | 753   | 0       | 0        |
|------------+-------------------------+-------+---------+----------|
| EASHandler | revoke                  | 727   | 0       | 0        |
|------------+-------------------------+-------+---------+----------|
| EASHandler | revokeAsStranger        | 733   | 0       | 0        |
|------------+-------------------------+-------+---------+----------|
| EASHandler | revokeOffchain          | 1428  | 0       | 0        |
|------------+-------------------------+-------+---------+----------|
| EASHandler | revokeWrongSchema       | 766   | 0       | 0        |
|------------+-------------------------+-------+---------+----------|
| EASHandler | timestampData           | 730   | 0       | 0        |
|------------+-------------------------+-------+---------+----------|
| EASHandler | warp                    | 780   | 0       | 0        |
╰------------+-------------------------+-------+---------+----------╯

[PASS] invariant_no_semantic_violations() (runs: 64, calls: 8192, reverts: 5)

╭------------+-------------------------+-------+---------+----------╮
| Contract   | Selector                | Calls | Reverts | Discards |
+===================================================================+
| EASHandler | attest                  | 736   | 0       | 0        |
|------------+-------------------------+-------+---------+----------|
| EASHandler | multiAttest             | 814   | 5       | 0        |
|------------+-------------------------+-------+---------+----------|
| EASHandler | registerDuplicateSchema | 725   | 0       | 0        |
|------------+-------------------------+-------+---------+----------|
| EASHandler | registerSchema          | 753   | 0       | 0        |
|------------+-------------------------+-------+---------+----------|
| EASHandler | revoke                  | 727   | 0       | 0        |
|------------+-------------------------+-------+---------+----------|
| EASHandler | revokeAsStranger        | 733   | 0       | 0        |
|------------+-------------------------+-------+---------+----------|
| EASHandler | revokeOffchain          | 1428  | 0       | 0        |
|------------+-------------------------+-------+---------+----------|
| EASHandler | revokeWrongSchema       | 766   | 0       | 0        |
|------------+-------------------------+-------+---------+----------|
| EASHandler | timestampData           | 730   | 0       | 0        |
|------------+-------------------------+-------+---------+----------|
| EASHandler | warp                    | 780   | 0       | 0        |
╰------------+-------------------------+-------+---------+----------╯

Suite result: ok. 9 passed; 0 failed; 0 skipped; finished in 92.17s (92.16s CPU time)

Ran 1 test suite in 92.17s (92.17s CPU time): 9 tests passed, 0 failed, 0 skipped (9 total tests)
